[debug] > Exec(early(addDefaultCommands), None, None)
[debug] > Exec(addDefaultCommands, None, None)
[debug] > Exec(early(initialize), None, None)
[debug] > Exec(initialize, None, None)
[debug] > Exec(boot, None, None)
[debug] > Exec(writeSbtVersion, None, None)
[debug] > Exec(reload, None, None)
[debug] > Exec(sbtStashOnFailure, None, None)
[debug] > Exec(onFailure loadFailed, None, None)
[debug] > Exec(loadp, None, None)
[info] welcome to sbt 1.6.2 (Azul Systems, Inc. Java 1.8.0_312)
[debug] Load.defaultLoad until apply took 394.556792ms
[debug]                 Load.loadUnit: plugins took 82.829ms
[debug]                 Load.loadUnit: defsScala took 0.199875ms
[debug] [Loading] Scanning directory /Users/jalal/Projects/craftme/scala_courses/SideEffects/project/project
[debug]                   Load.loadUnit: mkEval took 6.857459ms
[debug] [Loading] Found non-root projects 
[debug] [Loading] Done in /Users/jalal/Projects/craftme/scala_courses/SideEffects/project/project, returning: ()
[debug] deducing auto plugins based on known facts Set(Atom(sbt.plugins.CorePlugin)) and clauses Clauses(Clause(Atom(sbt.plugins.JvmPlugin),Set(Atom(sbt.plugins.IvyPlugin)))
[debug] Clause(Atom(sbt.ScriptedPlugin),Set(Atom(sbt.plugins.JvmPlugin)))
[debug] Clause(Atom(sbt.plugins.SbtPlugin),Set(Atom(sbt.ScriptedPlugin)))
[debug] Clause(Atom(sbt.plugins.SemanticdbPlugin),Set(Atom(sbt.plugins.JvmPlugin)))
[debug] Clause(Atom(sbt.plugins.JUnitXmlReportPlugin),Set(Atom(sbt.plugins.JvmPlugin)))
[debug] Clause(Atom(sbt.plugins.MiniDependencyTreePlugin),Set(Atom(sbt.plugins.JvmPlugin)))
[debug] Clause(Atom(sbt.plugins.CorePlugin),Set(Atom(sbt.plugins.IvyPlugin)))
[debug] Clause(Atom(sbt.plugins.IvyPlugin),Set(Atom(sbt.plugins.JvmPlugin)))
[debug] Clause(Atom(sbt.plugins.JvmPlugin),Set(Atom(sbt.plugins.SemanticdbPlugin)))
[debug] Clause(Atom(sbt.plugins.JvmPlugin),Set(Atom(sbt.plugins.JUnitXmlReportPlugin)))
[debug] Clause(Atom(sbt.plugins.CorePlugin),Set(Atom(sbt.plugins.Giter8TemplatePlugin)))
[debug] Clause(Atom(sbt.plugins.JvmPlugin),Set(Atom(sbt.plugins.MiniDependencyTreePlugin))))
[debug]   :: deduced result: Matched(sbt.plugins.CorePlugin,sbt.plugins.Giter8TemplatePlugin,sbt.plugins.IvyPlugin,sbt.plugins.JvmPlugin,sbt.plugins.MiniDependencyTreePlugin,sbt.plugins.JUnitXmlReportPlugin,sbt.plugins.SemanticdbPlugin)
[debug] Plugins.deducer#function took 9.366375 ms
[info] loading settings for project sideeffects-build-build from metals.sbt ...
[debug]                     Load.resolveProject(sideeffects-build-build) took 36.252166ms
[debug]                   Load.loadTransitive: finalizeProject(Project(id sideeffects-build-build, base: /Users/jalal/Projects/craftme/scala_courses/SideEffects/project/project, plugins: List(<none>))) took 63.982208ms
[debug] [Loading] Done in /Users/jalal/Projects/craftme/scala_courses/SideEffects/project/project, returning: (sideeffects-build-build)
[debug]                 Load.loadUnit: loadedProjectsRaw took 404.20075ms
[debug]                 Load.loadUnit: cleanEvalClasses took 4.733791ms
[debug]               Load.loadUnit(file:/Users/jalal/Projects/craftme/scala_courses/SideEffects/project/project/, ...) took 494.890042ms
[debug]             Load.apply: load took 642.359625ms
[debug]             Load.apply: resolveProjects took 11.485791ms
[debug]             Load.apply: finalTransforms took 38.903583ms
[debug]             Load.apply: config.delegates took 5.173ms
[debug]             Load.apply: Def.make(settings)... took 281.8895ms
[debug]             Load.apply: structureIndex took 84.19175ms
[debug]             Load.apply: mkStreams took 0.991208ms
[info] loading project definition from /Users/jalal/Projects/craftme/scala_courses/SideEffects/project/project
[debug] Running task... Cancel: Signal, check cycles: false, forcegc: true
[debug]           Load.loadUnit: plugins took 1844.190542ms
[debug]           Load.loadUnit: defsScala took 0.002042ms
[debug] [Loading] Scanning directory /Users/jalal/Projects/craftme/scala_courses/SideEffects/project
[debug]             Load.loadUnit: mkEval took 0.148125ms
[debug] [Loading] Found non-root projects 
[debug] [Loading] Done in /Users/jalal/Projects/craftme/scala_courses/SideEffects/project, returning: ()
[debug] deducing auto plugins based on known facts Set(Atom(sbt.plugins.CorePlugin)) and clauses Clauses(Clause(Atom(sbt.plugins.JvmPlugin),Set(Atom(sbt.plugins.IvyPlugin)))
[debug] Clause(Atom(sbt.ScriptedPlugin),Set(Atom(sbt.plugins.JvmPlugin)))
[debug] Clause(Atom(sbt.plugins.SbtPlugin),Set(Atom(sbt.ScriptedPlugin)))
[debug] Clause(Atom(sbt.plugins.SemanticdbPlugin),Set(Atom(sbt.plugins.JvmPlugin)))
[debug] Clause(Atom(sbt.plugins.JUnitXmlReportPlugin),Set(Atom(sbt.plugins.JvmPlugin)))
[debug] Clause(Atom(sbt.plugins.MiniDependencyTreePlugin),Set(Atom(sbt.plugins.JvmPlugin)))
[debug] Clause(Atom(bloop.integrations.sbt.BloopPlugin),Set(Atom(sbt.plugins.JvmPlugin)))
[debug] Clause(Atom(sbt.plugins.CorePlugin),Set(Atom(sbt.plugins.IvyPlugin)))
[debug] Clause(Atom(sbt.plugins.IvyPlugin),Set(Atom(sbt.plugins.JvmPlugin)))
[debug] Clause(Atom(sbt.plugins.JvmPlugin),Set(Atom(sbt.plugins.SemanticdbPlugin)))
[debug] Clause(Atom(sbt.plugins.JvmPlugin),Set(Atom(sbt.plugins.JUnitXmlReportPlugin)))
[debug] Clause(Atom(sbt.plugins.CorePlugin),Set(Atom(sbt.plugins.Giter8TemplatePlugin)))
[debug] Clause(Atom(sbt.plugins.JvmPlugin),Set(Atom(sbt.plugins.MiniDependencyTreePlugin)))
[debug] Clause(Atom(sbt.plugins.JvmPlugin),Set(Atom(bloop.integrations.sbt.BloopPlugin))))
[debug]   :: deduced result: Matched(sbt.plugins.CorePlugin,sbt.plugins.Giter8TemplatePlugin,sbt.plugins.IvyPlugin,sbt.plugins.JvmPlugin,bloop.integrations.sbt.BloopPlugin,sbt.plugins.MiniDependencyTreePlugin,sbt.plugins.JUnitXmlReportPlugin,sbt.plugins.SemanticdbPlugin)
[debug] Plugins.deducer#function took 1.323875 ms
[info] loading settings for project sideeffects-build from metals.sbt ...
[debug]               Load.resolveProject(sideeffects-build) took 10.356ms
[debug]             Load.loadTransitive: finalizeProject(Project(id sideeffects-build, base: /Users/jalal/Projects/craftme/scala_courses/SideEffects/project, plugins: List(<none>))) took 12.021792ms
[debug] [Loading] Done in /Users/jalal/Projects/craftme/scala_courses/SideEffects/project, returning: (sideeffects-build)
[debug]           Load.loadUnit: loadedProjectsRaw took 31.985208ms
[debug]           Load.loadUnit: cleanEvalClasses took 0.300125ms
[debug]         Load.loadUnit(file:/Users/jalal/Projects/craftme/scala_courses/SideEffects/project/, ...) took 1876.942ms
[debug]       Load.apply: load took 1877.698208ms
[debug]       Load.apply: resolveProjects took 0.064458ms
[debug]       Load.apply: finalTransforms took 7.09475ms
[debug]       Load.apply: config.delegates took 0.233166ms
[debug]       Load.apply: Def.make(settings)... took 82.915584ms
[debug]       Load.apply: structureIndex took 16.491666ms
[debug]       Load.apply: mkStreams took 0.00225ms
[info] loading project definition from /Users/jalal/Projects/craftme/scala_courses/SideEffects/project
[debug] Evaluating tasks: bloopInstall
[debug] Running task... Cancel: Signal, check cycles: false, forcegc: true
[success] Generated .bloop/sideeffects-build.json
[success] Total time: 2 s, completed Jun 12, 2022 7:52:04 PM
[debug] Running task... Cancel: Signal, check cycles: false, forcegc: true
[debug]     Load.loadUnit: plugins took 4238.607459ms
[debug]     Load.loadUnit: defsScala took 0.002083ms
[debug] [Loading] Scanning directory /Users/jalal/Projects/craftme/scala_courses/SideEffects
[debug]       Load.loadUnit: mkEval took 0.145125ms
[debug] [Loading] Found non-root projects 
[debug] [Loading] Done in /Users/jalal/Projects/craftme/scala_courses/SideEffects, returning: ()
[debug] deducing auto plugins based on known facts Set(Atom(sbt.plugins.CorePlugin)) and clauses Clauses(Clause(Atom(sbt.plugins.JvmPlugin),Set(Atom(sbt.plugins.IvyPlugin)))
[debug] Clause(Atom(sbt.ScriptedPlugin),Set(Atom(sbt.plugins.JvmPlugin)))
[debug] Clause(Atom(sbt.plugins.SbtPlugin),Set(Atom(sbt.ScriptedPlugin)))
[debug] Clause(Atom(sbt.plugins.SemanticdbPlugin),Set(Atom(sbt.plugins.JvmPlugin)))
[debug] Clause(Atom(sbt.plugins.JUnitXmlReportPlugin),Set(Atom(sbt.plugins.JvmPlugin)))
[debug] Clause(Atom(sbt.plugins.MiniDependencyTreePlugin),Set(Atom(sbt.plugins.JvmPlugin)))
[debug] Clause(Atom(bloop.integrations.sbt.BloopPlugin),Set(Atom(sbt.plugins.JvmPlugin)))
[debug] Clause(Atom(sbt.plugins.CorePlugin),Set(Atom(sbt.plugins.IvyPlugin)))
[debug] Clause(Atom(sbt.plugins.IvyPlugin),Set(Atom(sbt.plugins.JvmPlugin)))
[debug] Clause(Atom(sbt.plugins.JvmPlugin),Set(Atom(sbt.plugins.SemanticdbPlugin)))
[debug] Clause(Atom(sbt.plugins.JvmPlugin),Set(Atom(sbt.plugins.JUnitXmlReportPlugin)))
[debug] Clause(Atom(sbt.plugins.CorePlugin),Set(Atom(sbt.plugins.Giter8TemplatePlugin)))
[debug] Clause(Atom(sbt.plugins.JvmPlugin),Set(Atom(sbt.plugins.MiniDependencyTreePlugin)))
[debug] Clause(Atom(sbt.plugins.JvmPlugin),Set(Atom(bloop.integrations.sbt.BloopPlugin))))
[debug]   :: deduced result: Matched(sbt.plugins.CorePlugin,sbt.plugins.Giter8TemplatePlugin,sbt.plugins.IvyPlugin,sbt.plugins.JvmPlugin,bloop.integrations.sbt.BloopPlugin,sbt.plugins.MiniDependencyTreePlugin,sbt.plugins.JUnitXmlReportPlugin,sbt.plugins.SemanticdbPlugin)
[debug] Plugins.deducer#function took 0.733041 ms
[info] loading settings for project sideeffects from build.sbt ...
[debug]         Load.resolveProject(sideeffects) took 11.029209ms
[debug]       Load.loadTransitive: finalizeProject(Project(id sideeffects, base: /Users/jalal/Projects/craftme/scala_courses/SideEffects, plugins: List(<none>))) took 12.046125ms
[debug] [Loading] Done in /Users/jalal/Projects/craftme/scala_courses/SideEffects, returning: (sideeffects)
[debug]     Load.loadUnit: loadedProjectsRaw took 1417.170542ms
[debug]     Load.loadUnit: cleanEvalClasses took 2.766459ms
[debug]   Load.loadUnit(file:/Users/jalal/Projects/craftme/scala_courses/SideEffects/, ...) took 5659.537125ms
[debug] Load.apply: load took 5672.440083ms
[debug] Load.apply: resolveProjects took 0.082375ms
[debug] Load.apply: finalTransforms took 7.778791ms
[debug] Load.apply: config.delegates took 0.158792ms
[debug] Load.apply: Def.make(settings)... took 42.435709ms
[debug] Load.apply: structureIndex took 16.70725ms
[debug] Load.apply: mkStreams took 0.002209ms
[info] set current project to SideEffects (in build file:/Users/jalal/Projects/craftme/scala_courses/SideEffects/)
[debug] > Exec(sbtPopOnFailure, None, None)
[debug] > Exec(resumeFromFailure, None, None)
[debug] > Exec(notifyUsersAboutShell, None, None)
[debug] > Exec(iflast shell, None, None)
[debug] > Exec(bloopInstall, None, None)
[debug] Evaluating tasks: bloopInstall
[debug] Running task... Cancel: Signal, check cycles: false, forcegc: true
