[debug] > Exec(early(addDefaultCommands), None, None)
[debug] > Exec(addDefaultCommands, None, None)
[debug] > Exec(early(initialize), None, None)
[debug] > Exec(initialize, None, None)
[debug] > Exec(boot, None, None)
[debug] > Exec(writeSbtVersion, None, None)
[debug] > Exec(reload, None, None)
[debug] > Exec(sbtStashOnFailure, None, None)
[debug] > Exec(onFailure loadFailed, None, None)
[debug] > Exec(loadp, None, None)
[info] welcome to sbt 1.6.2 (Azul Systems, Inc. Java 1.8.0_312)
[debug] Load.defaultLoad until apply took 332.882334ms
[debug]                 Load.loadUnit: plugins took 50.094333ms
[debug]                 Load.loadUnit: defsScala took 0.189417ms
[debug] [Loading] Scanning directory /Users/jalal/Projects/craftme/scala_courses/SideEffects/project/project
[debug]                   Load.loadUnit: mkEval took 39.629ms
[debug] [Loading] Found non-root projects 
[debug] [Loading] Done in /Users/jalal/Projects/craftme/scala_courses/SideEffects/project/project, returning: ()
[debug] deducing auto plugins based on known facts Set(Atom(sbt.plugins.CorePlugin)) and clauses Clauses(Clause(Atom(sbt.plugins.JvmPlugin),Set(Atom(sbt.plugins.IvyPlugin)))
[debug] Clause(Atom(sbt.ScriptedPlugin),Set(Atom(sbt.plugins.JvmPlugin)))
[debug] Clause(Atom(sbt.plugins.SbtPlugin),Set(Atom(sbt.ScriptedPlugin)))
[debug] Clause(Atom(sbt.plugins.SemanticdbPlugin),Set(Atom(sbt.plugins.JvmPlugin)))
[debug] Clause(Atom(sbt.plugins.JUnitXmlReportPlugin),Set(Atom(sbt.plugins.JvmPlugin)))
[debug] Clause(Atom(sbt.plugins.MiniDependencyTreePlugin),Set(Atom(sbt.plugins.JvmPlugin)))
[debug] Clause(Atom(sbt.plugins.CorePlugin),Set(Atom(sbt.plugins.IvyPlugin)))
[debug] Clause(Atom(sbt.plugins.IvyPlugin),Set(Atom(sbt.plugins.JvmPlugin)))
[debug] Clause(Atom(sbt.plugins.JvmPlugin),Set(Atom(sbt.plugins.SemanticdbPlugin)))
[debug] Clause(Atom(sbt.plugins.JvmPlugin),Set(Atom(sbt.plugins.JUnitXmlReportPlugin)))
[debug] Clause(Atom(sbt.plugins.CorePlugin),Set(Atom(sbt.plugins.Giter8TemplatePlugin)))
[debug] Clause(Atom(sbt.plugins.JvmPlugin),Set(Atom(sbt.plugins.MiniDependencyTreePlugin))))
[debug]   :: deduced result: Matched(sbt.plugins.CorePlugin,sbt.plugins.Giter8TemplatePlugin,sbt.plugins.IvyPlugin,sbt.plugins.JvmPlugin,sbt.plugins.MiniDependencyTreePlugin,sbt.plugins.JUnitXmlReportPlugin,sbt.plugins.SemanticdbPlugin)
[debug] Plugins.deducer#function took 8.452042 ms
[info] loading settings for project sideeffects-build-build from metals.sbt ...
[debug]                     Load.resolveProject(sideeffects-build-build) took 32.626542ms
[debug]                   Load.loadTransitive: finalizeProject(Project(id sideeffects-build-build, base: /Users/jalal/Projects/craftme/scala_courses/SideEffects/project/project, plugins: List(<none>))) took 60.14275ms
[debug] [Loading] Done in /Users/jalal/Projects/craftme/scala_courses/SideEffects/project/project, returning: (sideeffects-build-build)
[debug]                 Load.loadUnit: loadedProjectsRaw took 349.479875ms
[debug]                 Load.loadUnit: cleanEvalClasses took 3.05925ms
[debug]               Load.loadUnit(file:/Users/jalal/Projects/craftme/scala_courses/SideEffects/project/project/, ...) took 406.032208ms
[debug]             Load.apply: load took 599.3295ms
[debug]             Load.apply: resolveProjects took 2.410459ms
[debug]             Load.apply: finalTransforms took 53.607584ms
[debug]             Load.apply: config.delegates took 10.5995ms
[debug]             Load.apply: Def.make(settings)... took 281.727541ms
[debug]             Load.apply: structureIndex took 82.595167ms
[debug]             Load.apply: mkStreams took 1.173917ms
[info] loading project definition from /Users/jalal/Projects/craftme/scala_courses/SideEffects/project/project
[debug] Running task... Cancel: Signal, check cycles: false, forcegc: true
[debug]           Load.loadUnit: plugins took 1857.0535ms
[debug]           Load.loadUnit: defsScala took 0.00175ms
[debug] [Loading] Scanning directory /Users/jalal/Projects/craftme/scala_courses/SideEffects/project
[debug]             Load.loadUnit: mkEval took 0.118125ms
[debug] [Loading] Found non-root projects 
[debug] [Loading] Done in /Users/jalal/Projects/craftme/scala_courses/SideEffects/project, returning: ()
[debug] deducing auto plugins based on known facts Set(Atom(sbt.plugins.CorePlugin)) and clauses Clauses(Clause(Atom(sbt.plugins.JvmPlugin),Set(Atom(sbt.plugins.IvyPlugin)))
[debug] Clause(Atom(sbt.ScriptedPlugin),Set(Atom(sbt.plugins.JvmPlugin)))
[debug] Clause(Atom(sbt.plugins.SbtPlugin),Set(Atom(sbt.ScriptedPlugin)))
[debug] Clause(Atom(sbt.plugins.SemanticdbPlugin),Set(Atom(sbt.plugins.JvmPlugin)))
[debug] Clause(Atom(sbt.plugins.JUnitXmlReportPlugin),Set(Atom(sbt.plugins.JvmPlugin)))
[debug] Clause(Atom(sbt.plugins.MiniDependencyTreePlugin),Set(Atom(sbt.plugins.JvmPlugin)))
[debug] Clause(Atom(bloop.integrations.sbt.BloopPlugin),Set(Atom(sbt.plugins.JvmPlugin)))
[debug] Clause(Atom(sbt.plugins.CorePlugin),Set(Atom(sbt.plugins.IvyPlugin)))
[debug] Clause(Atom(sbt.plugins.IvyPlugin),Set(Atom(sbt.plugins.JvmPlugin)))
[debug] Clause(Atom(sbt.plugins.JvmPlugin),Set(Atom(sbt.plugins.SemanticdbPlugin)))
[debug] Clause(Atom(sbt.plugins.JvmPlugin),Set(Atom(sbt.plugins.JUnitXmlReportPlugin)))
[debug] Clause(Atom(sbt.plugins.CorePlugin),Set(Atom(sbt.plugins.Giter8TemplatePlugin)))
[debug] Clause(Atom(sbt.plugins.JvmPlugin),Set(Atom(sbt.plugins.MiniDependencyTreePlugin)))
[debug] Clause(Atom(sbt.plugins.JvmPlugin),Set(Atom(bloop.integrations.sbt.BloopPlugin))))
[debug]   :: deduced result: Matched(sbt.plugins.CorePlugin,sbt.plugins.Giter8TemplatePlugin,sbt.plugins.IvyPlugin,sbt.plugins.JvmPlugin,bloop.integrations.sbt.BloopPlugin,sbt.plugins.MiniDependencyTreePlugin,sbt.plugins.JUnitXmlReportPlugin,sbt.plugins.SemanticdbPlugin)
[debug] Plugins.deducer#function took 1.347375 ms
[info] loading settings for project sideeffects-build from metals.sbt ...
[debug]               Load.resolveProject(sideeffects-build) took 10.984292ms
[debug]             Load.loadTransitive: finalizeProject(Project(id sideeffects-build, base: /Users/jalal/Projects/craftme/scala_courses/SideEffects/project, plugins: List(<none>))) took 13.003625ms
[debug] [Loading] Done in /Users/jalal/Projects/craftme/scala_courses/SideEffects/project, returning: (sideeffects-build)
[debug]           Load.loadUnit: loadedProjectsRaw took 23.234959ms
[debug]           Load.loadUnit: cleanEvalClasses took 0.304708ms
[debug]         Load.loadUnit(file:/Users/jalal/Projects/craftme/scala_courses/SideEffects/project/, ...) took 1881.0505ms
[debug]       Load.apply: load took 1881.861667ms
[debug]       Load.apply: resolveProjects took 0.081ms
[debug]       Load.apply: finalTransforms took 9.712083ms
[debug]       Load.apply: config.delegates took 0.248125ms
[debug]       Load.apply: Def.make(settings)... took 93.50775ms
[debug]       Load.apply: structureIndex took 20.842625ms
[debug]       Load.apply: mkStreams took 0.002ms
[info] loading project definition from /Users/jalal/Projects/craftme/scala_courses/SideEffects/project
[debug] Evaluating tasks: bloopInstall
[debug] Running task... Cancel: Signal, check cycles: false, forcegc: true
